{"events":[{"type":"unfollow","source":{"userId":"U4a636525c86036d8a59e6c63bc6946dc","type":"user"},"timestamp":1559029127657}],"destination":"Uffd9695c7cd8c01719422bf9014c8da4"}
{"events":[{"type":"follow","replyToken":"fa159852de8b417884e83b577bf1f69a","source":{"userId":"U4a636525c86036d8a59e6c63bc6946dc","type":"user"},"timestamp":1559029128650}],"destination":"Uffd9695c7cd8c01719422bf9014c8da4"}
{"events":[{"type":"unfollow","source":{"userId":"U8b7ecef1297d207a53212ca370a703f0","type":"user"},"timestamp":1559029159984}],"destination":"Uffd9695c7cd8c01719422bf9014c8da4"}
{"events":[{"type":"follow","replyToken":"c6233b2462e545c492ff15d98011194e","source":{"userId":"U8b7ecef1297d207a53212ca370a703f0","type":"user"},"timestamp":1559029161095}],"destination":"Uffd9695c7cd8c01719422bf9014c8da4"}
{"events":[{"type":"unfollow","source":{"userId":"U4a636525c86036d8a59e6c63bc6946dc","type":"user"},"timestamp":1559029188491}],"destination":"Uffd9695c7cd8c01719422bf9014c8da4"}
{"events":[{"type":"follow","replyToken":"22e19a43eed14219a81506f48be30c24","source":{"userId":"U4a636525c86036d8a59e6c63bc6946dc","type":"user"},"timestamp":1559029189183}],"destination":"Uffd9695c7cd8c01719422bf9014c8da4"}
{"events":[{"type":"postback","replyToken":"1246ef83e4474cefa0372bdc25ac6cf3","source":{"userId":"U4a636525c86036d8a59e6c63bc6946dc","type":"user"},"timestamp":1559029193734,"postback":{"data":"加入會員"}}],"destination":"Uffd9695c7cd8c01719422bf9014c8da4"}
{"events":[{"type":"message","replyToken":"4164449f8b7149129719bedc3cffb004","source":{"userId":"U4a636525c86036d8a59e6c63bc6946dc","type":"user"},"timestamp":1559029193733,"message":{"type":"text","id":"9942684191867","text":"加入會員"}}],"destination":"Uffd9695c7cd8c01719422bf9014c8da4"}
{"events":[{"type":"message","replyToken":"3ec62691ffee43f5a2ccf468d2b5dede","source":{"userId":"U4a636525c86036d8a59e6c63bc6946dc","type":"user"},"timestamp":1559029219393,"message":{"type":"image","id":"9942686068257","contentProvider":{"type":"line"}}}],"destination":"Uffd9695c7cd8c01719422bf9014c8da4"}
{"events":[{"type":"postback","replyToken":"d632b80c81154c67ab3d65737647d5f0","source":{"userId":"U4a636525c86036d8a59e6c63bc6946dc","type":"user"},"timestamp":1559029237802,"postback":{"data":"clo/U4a636525c86036d8a59e6c63bc6946dc/洋裝"}}],"destination":"Uffd9695c7cd8c01719422bf9014c8da4"}
{"events":[{"type":"message","replyToken":"c01a1c5009714caeb2fe8e6a90c6f60e","source":{"userId":"U4a636525c86036d8a59e6c63bc6946dc","type":"user"},"timestamp":1559029237800,"message":{"type":"text","id":"9942687419680","text":"不是洋裝，請換選項"}}],"destination":"Uffd9695c7cd8c01719422bf9014c8da4"}
{"events":[{"type":"postback","replyToken":"17d69baa0fea44f399639527b8447146","source":{"userId":"U4a636525c86036d8a59e6c63bc6946dc","type":"user"},"timestamp":1559029242359,"postback":{"data":"U/U4a636525c86036d8a59e6c63bc6946dc/T-shirt"}}],"destination":"Uffd9695c7cd8c01719422bf9014c8da4"}
{"events":[{"type":"follow","replyToken":"1508b6ca3561446882c0c815d18dabf3","source":{"userId":"Ud42ae8a04ee1e4081f4ceca1c171c7fa","type":"user"},"timestamp":1559030942982}],"destination":"Uffd9695c7cd8c01719422bf9014c8da4"}
{"events":[{"type":"postback","replyToken":"609db74e91104ae1af69ec40d8360909","source":{"userId":"Ud42ae8a04ee1e4081f4ceca1c171c7fa","type":"user"},"timestamp":1559030954247,"postback":{"data":"加入會員"}}],"destination":"Uffd9695c7cd8c01719422bf9014c8da4"}
{"events":[{"type":"message","replyToken":"61ee10bb43534c2c847363078a22d171","source":{"userId":"Ud42ae8a04ee1e4081f4ceca1c171c7fa","type":"user"},"timestamp":1559030954245,"message":{"type":"text","id":"9942814407941","text":"加入會員"}}],"destination":"Uffd9695c7cd8c01719422bf9014c8da4"}
{"events":[{"type":"postback","replyToken":"ad5aa1aca2ab44fe8bb4f013e6dad66f","source":{"userId":"Ud42ae8a04ee1e4081f4ceca1c171c7fa","type":"user"},"timestamp":1559031040181,"postback":{"data":"加入會員"}}],"destination":"Uffd9695c7cd8c01719422bf9014c8da4"}
{"events":[{"type":"message","replyToken":"4aaa568d8def46ea954a74e255194212","source":{"userId":"Ud42ae8a04ee1e4081f4ceca1c171c7fa","type":"user"},"timestamp":1559031040180,"message":{"type":"text","id":"9942820977931","text":"加入會員"}}],"destination":"Uffd9695c7cd8c01719422bf9014c8da4"}
{"events":[{"type":"unfollow","source":{"userId":"Ud42ae8a04ee1e4081f4ceca1c171c7fa","type":"user"},"timestamp":1559031288859}],"destination":"Uffd9695c7cd8c01719422bf9014c8da4"}
{"events":[{"type":"follow","replyToken":"999018e6ce38477c84dea60433020dfa","source":{"userId":"Ud42ae8a04ee1e4081f4ceca1c171c7fa","type":"user"},"timestamp":1559031289831}],"destination":"Uffd9695c7cd8c01719422bf9014c8da4"}
{"events":[{"type":"postback","replyToken":"a4128ed8c9c349909cfb90205195735d","source":{"userId":"Ud42ae8a04ee1e4081f4ceca1c171c7fa","type":"user"},"timestamp":1559031302297,"postback":{"data":"查看個人資料"}}],"destination":"Uffd9695c7cd8c01719422bf9014c8da4"}
{"events":[{"type":"message","replyToken":"c1df3a1c5f344d72b456eb1116835051","source":{"userId":"Ud42ae8a04ee1e4081f4ceca1c171c7fa","type":"user"},"timestamp":1559031302296,"message":{"type":"text","id":"9942841101235","text":"查看個人資料"}}],"destination":"Uffd9695c7cd8c01719422bf9014c8da4"}
{"events":[{"type":"postback","replyToken":"c149757c46194f4aaa96f23694ba9403","source":{"userId":"Ud42ae8a04ee1e4081f4ceca1c171c7fa","type":"user"},"timestamp":1559031310030,"postback":{"data":"我的明星臉"}}],"destination":"Uffd9695c7cd8c01719422bf9014c8da4"}
{"events":[{"type":"message","replyToken":"c1fff159eda2428da9d77be0780c2b21","source":{"userId":"Ud42ae8a04ee1e4081f4ceca1c171c7fa","type":"user"},"timestamp":1559031310028,"message":{"type":"text","id":"9942841696729","text":"我的明星臉"}}],"destination":"Uffd9695c7cd8c01719422bf9014c8da4"}
{"events":[{"type":"postback","replyToken":"3ed68a0d51d044f880d30666fbd60152","source":{"userId":"Ud42ae8a04ee1e4081f4ceca1c171c7fa","type":"user"},"timestamp":1559031322882,"postback":{"data":"我的明星臉"}}],"destination":"Uffd9695c7cd8c01719422bf9014c8da4"}
{"events":[{"type":"message","replyToken":"9c80eb5ec0824d1eb020b3ceeeebd042","source":{"userId":"Ud42ae8a04ee1e4081f4ceca1c171c7fa","type":"user"},"timestamp":1559031322880,"message":{"type":"text","id":"9942842689550","text":"我的明星臉"}}],"destination":"Uffd9695c7cd8c01719422bf9014c8da4"}
{"events":[{"type":"postback","replyToken":"298831ebb4084fbc98fec574ee224b5b","source":{"userId":"Ud42ae8a04ee1e4081f4ceca1c171c7fa","type":"user"},"timestamp":1559031324629,"postback":{"data":"開啟衣櫃"}},{"type":"message","replyToken":"5175fe80d15e48eda8d8bd6ed3803438","source":{"userId":"Ud42ae8a04ee1e4081f4ceca1c171c7fa","type":"user"},"timestamp":1559031324628,"message":{"type":"text","id":"9942842825496","text":"開啟衣櫃"}}],"destination":"Uffd9695c7cd8c01719422bf9014c8da4"}
{"events":[{"type":"postback","replyToken":"80876f958ec24e4ebd3d3d7469fd7c3f","source":{"userId":"U4a636525c86036d8a59e6c63bc6946dc","type":"user"},"timestamp":1559031433767,"postback":{"data":"加入會員"}}],"destination":"Uffd9695c7cd8c01719422bf9014c8da4"}
{"events":[{"type":"message","replyToken":"31f5a69bbfae41d0bab9f1ed1ea73514","source":{"userId":"U4a636525c86036d8a59e6c63bc6946dc","type":"user"},"timestamp":1559031433766,"message":{"type":"text","id":"9942851218587","text":"加入會員"}}],"destination":"Uffd9695c7cd8c01719422bf9014c8da4"}
{"events":[{"type":"postback","replyToken":"104afa63c4ec4f7b99a72a4dd124bea3","source":{"userId":"U4a636525c86036d8a59e6c63bc6946dc","type":"user"},"timestamp":1559031512325,"postback":{"data":"關於我"}}],"destination":"Uffd9695c7cd8c01719422bf9014c8da4"}
{"events":[{"type":"message","replyToken":"92729643d0d24cf78a91e0b8fe959f06","source":{"userId":"U4a636525c86036d8a59e6c63bc6946dc","type":"user"},"timestamp":1559031512323,"message":{"type":"text","id":"9942857267106","text":"關於我"}}],"destination":"Uffd9695c7cd8c01719422bf9014c8da4"}
{"events":[{"type":"message","replyToken":"51574da8ba1e4b8d96aad1ecea25fbc1","source":{"userId":"U4a636525c86036d8a59e6c63bc6946dc","type":"user"},"timestamp":1559031532808,"message":{"type":"image","id":"9942858843312","contentProvider":{"type":"line"}}}],"destination":"Uffd9695c7cd8c01719422bf9014c8da4"}
{"events":[{"type":"postback","replyToken":"0c519ca176714ad881e310fb59ed64dc","source":{"userId":"U4a636525c86036d8a59e6c63bc6946dc","type":"user"},"timestamp":1559031553951,"postback":{"data":"clo/U4a636525c86036d8a59e6c63bc6946dc/洋裝"}}],"destination":"Uffd9695c7cd8c01719422bf9014c8da4"}
{"events":[{"type":"message","replyToken":"1313111e7e0a43e1bd2950ef3191fa10","source":{"userId":"U4a636525c86036d8a59e6c63bc6946dc","type":"user"},"timestamp":1559031553950,"message":{"type":"text","id":"9942860479757","text":"不是洋裝，請換選項"}}],"destination":"Uffd9695c7cd8c01719422bf9014c8da4"}
{"events":[{"type":"postback","replyToken":"ae01cf032f5e4c3f94fbe58517b13e89","source":{"userId":"U4a636525c86036d8a59e6c63bc6946dc","type":"user"},"timestamp":1559031578716,"postback":{"data":"U/U4a636525c86036d8a59e6c63bc6946dc/T-shirt"}}],"destination":"Uffd9695c7cd8c01719422bf9014c8da4"}
{"events":[{"type":"postback","replyToken":"6322a2f0ebcf42cdbbaca4e59493ef88","source":{"userId":"U4a636525c86036d8a59e6c63bc6946dc","type":"user"},"timestamp":1559031586898,"postback":{"data":"開啟衣櫃"}}],"destination":"Uffd9695c7cd8c01719422bf9014c8da4"}
{"events":[{"type":"message","replyToken":"21f31eb9f59143899590a049d9ec2f24","source":{"userId":"U4a636525c86036d8a59e6c63bc6946dc","type":"user"},"timestamp":1559031586896,"message":{"type":"text","id":"9942863027915","text":"開啟衣櫃"}}],"destination":"Uffd9695c7cd8c01719422bf9014c8da4"}
{"events":[{"type":"postback","replyToken":"02988136855d47cea3498ee44ad3c552","source":{"userId":"U4a636525c86036d8a59e6c63bc6946dc","type":"user"},"timestamp":1559039758496,"postback":{"data":"我的明星臉"}}],"destination":"Uffd9695c7cd8c01719422bf9014c8da4"}
{"events":[{"type":"message","replyToken":"9713db4dbefd40fea23f16f7ab17cc1a","source":{"userId":"U4a636525c86036d8a59e6c63bc6946dc","type":"user"},"timestamp":1559039758494,"message":{"type":"text","id":"9943551165498","text":"我的明星臉"}}],"destination":"Uffd9695c7cd8c01719422bf9014c8da4"}
{"events":[{"type":"postback","replyToken":"cef85ecf8ac0422f9c8cec26684eaa68","source":{"userId":"U4a636525c86036d8a59e6c63bc6946dc","type":"user"},"timestamp":1559044534911,"postback":{"data":"我的明星臉"}}],"destination":"Uffd9695c7cd8c01719422bf9014c8da4"}
{"events":[{"type":"message","replyToken":"56b10fff9f734113a5b9225dc03fc646","source":{"userId":"U4a636525c86036d8a59e6c63bc6946dc","type":"user"},"timestamp":1559044534909,"message":{"type":"text","id":"9943979447397","text":"我的明星臉"}}],"destination":"Uffd9695c7cd8c01719422bf9014c8da4"}
{"events":[{"type":"postback","replyToken":"c1911198f4c24e99acafff974d7d112f","source":{"userId":"Ude116d0278d20c35aa82a45fe416353e","type":"user"},"timestamp":1559045819844,"postback":{"data":"開啟衣櫃"}}],"destination":"Uffd9695c7cd8c01719422bf9014c8da4"}
{"events":[{"type":"message","replyToken":"5981662277004f76acd435533a72b9c1","source":{"userId":"Ude116d0278d20c35aa82a45fe416353e","type":"user"},"timestamp":1559045819843,"message":{"type":"text","id":"9944099462328","text":"開啟衣櫃"}}],"destination":"Uffd9695c7cd8c01719422bf9014c8da4"}
{"events":[{"type":"unfollow","source":{"userId":"U2bd5949dc58acee85d6eb5466b81833d","type":"user"},"timestamp":1559047168825}],"destination":"Uffd9695c7cd8c01719422bf9014c8da4"}
{"events":[{"type":"follow","replyToken":"91eb9e7502774af79d508d1bf2f2d84d","source":{"userId":"U2bd5949dc58acee85d6eb5466b81833d","type":"user"},"timestamp":1559047169822}],"destination":"Uffd9695c7cd8c01719422bf9014c8da4"}
{"events":[{"type":"postback","replyToken":"925fb09a854e491f86a2ce307261afaa","source":{"userId":"U2bd5949dc58acee85d6eb5466b81833d","type":"user"},"timestamp":1559047172164,"postback":{"data":"加入會員"}}],"destination":"Uffd9695c7cd8c01719422bf9014c8da4"}
{"events":[{"type":"message","replyToken":"4538137274ab433399a5437525bd41a7","source":{"userId":"U2bd5949dc58acee85d6eb5466b81833d","type":"user"},"timestamp":1559047172163,"message":{"type":"text","id":"9944227490468","text":"加入會員"}}],"destination":"Uffd9695c7cd8c01719422bf9014c8da4"}
{"events":[{"type":"postback","replyToken":"34fc5c245ffd4601852067a263d9bc0a","source":{"userId":"U2bd5949dc58acee85d6eb5466b81833d","type":"user"},"timestamp":1559047216823,"postback":{"data":"我的明星臉"}}],"destination":"Uffd9695c7cd8c01719422bf9014c8da4"}
{"events":[{"type":"message","replyToken":"951da264e0324c3aa7317d62b74b1077","source":{"userId":"U2bd5949dc58acee85d6eb5466b81833d","type":"user"},"timestamp":1559047216821,"message":{"type":"text","id":"9944231705877","text":"我的明星臉"}}],"destination":"Uffd9695c7cd8c01719422bf9014c8da4"}
{"events":[{"type":"postback","replyToken":"9ef7d35ad81d4abe84a9d393e0156b7d","source":{"userId":"U4a636525c86036d8a59e6c63bc6946dc","type":"user"},"timestamp":1559047415616,"postback":{"data":"我的明星臉"}}],"destination":"Uffd9695c7cd8c01719422bf9014c8da4"}
{"events":[{"type":"message","replyToken":"a136bc5fcecf451a9a6a58d75274894b","source":{"userId":"U4a636525c86036d8a59e6c63bc6946dc","type":"user"},"timestamp":1559047415615,"message":{"type":"text","id":"9944250828076","text":"我的明星臉"}}],"destination":"Uffd9695c7cd8c01719422bf9014c8da4"}
{"events":[{"type":"postback","replyToken":"38169524144148e99eec504c8d48e3b7","source":{"userId":"U2bd5949dc58acee85d6eb5466b81833d","type":"user"},"timestamp":1559047551468,"postback":{"data":"我的明星臉"}}],"destination":"Uffd9695c7cd8c01719422bf9014c8da4"}
{"events":[{"type":"message","replyToken":"5a1b0bf965ea46c0873f4c332e8bc3d1","source":{"userId":"U2bd5949dc58acee85d6eb5466b81833d","type":"user"},"timestamp":1559047551466,"message":{"type":"text","id":"9944263879373","text":"我的明星臉"}}],"destination":"Uffd9695c7cd8c01719422bf9014c8da4"}
{"events":[{"type":"message","replyToken":"2eb7430f7329463a8b2bdef8d8860975","source":{"userId":"U2bd5949dc58acee85d6eb5466b81833d","type":"user"},"timestamp":1559047565817,"message":{"type":"image","id":"9944265248456","contentProvider":{"type":"line"}}}],"destination":"Uffd9695c7cd8c01719422bf9014c8da4"}
{"events":[{"type":"postback","replyToken":"95403e573c7548f78f9b844f64beee3d","source":{"userId":"U2bd5949dc58acee85d6eb5466b81833d","type":"user"},"timestamp":1559047594471,"postback":{"data":"clo/U2bd5949dc58acee85d6eb5466b81833d/洋裝"}}],"destination":"Uffd9695c7cd8c01719422bf9014c8da4"}
{"events":[{"type":"message","replyToken":"6cfa3f3d2f224fc18f9bdef45385870f","source":{"userId":"U2bd5949dc58acee85d6eb5466b81833d","type":"user"},"timestamp":1559047594470,"message":{"type":"text","id":"9944267989770","text":"不是洋裝，請換選項"}}],"destination":"Uffd9695c7cd8c01719422bf9014c8da4"}
{"events":[{"type":"postback","replyToken":"5ecb503713714531bf9279b017ca1ed2","source":{"userId":"U2bd5949dc58acee85d6eb5466b81833d","type":"user"},"timestamp":1559047606276,"postback":{"data":"查看個人資料"}}],"destination":"Uffd9695c7cd8c01719422bf9014c8da4"}
{"events":[{"type":"message","replyToken":"35f235d80d4c4ac9ba2e3489b91760e4","source":{"userId":"U2bd5949dc58acee85d6eb5466b81833d","type":"user"},"timestamp":1559047606274,"message":{"type":"text","id":"9944269124295","text":"查看個人資料"}}],"destination":"Uffd9695c7cd8c01719422bf9014c8da4"}
{"events":[{"type":"postback","replyToken":"0a685d8c8f434c6bab26c61ee7ba360f","source":{"userId":"U2bd5949dc58acee85d6eb5466b81833d","type":"user"},"timestamp":1559047614877,"postback":{"data":"我的明星臉"}}],"destination":"Uffd9695c7cd8c01719422bf9014c8da4"}
{"events":[{"type":"message","replyToken":"80137c1d1ad845e4912aff2406c450bc","source":{"userId":"U2bd5949dc58acee85d6eb5466b81833d","type":"user"},"timestamp":1559047614875,"message":{"type":"text","id":"9944269944450","text":"我的明星臉"}}],"destination":"Uffd9695c7cd8c01719422bf9014c8da4"}
{"events":[{"type":"postback","replyToken":"7c0a82e7223f42d39cbc415dde589383","source":{"userId":"U2bd5949dc58acee85d6eb5466b81833d","type":"user"},"timestamp":1559047795534,"postback":{"data":"開啟衣櫃"}}],"destination":"Uffd9695c7cd8c01719422bf9014c8da4"}
{"events":[{"type":"message","replyToken":"1bbf142a6f5648a68b4235b8f9b77a60","source":{"userId":"U2bd5949dc58acee85d6eb5466b81833d","type":"user"},"timestamp":1559047795532,"message":{"type":"text","id":"9944287389297","text":"開啟衣櫃"}}],"destination":"Uffd9695c7cd8c01719422bf9014c8da4"}
{"events":[{"type":"postback","replyToken":"0a3ea59573f4492683917ae24fc70c26","source":{"userId":"U2bd5949dc58acee85d6eb5466b81833d","type":"user"},"timestamp":1559047815535,"postback":{"data":"關於我"}}],"destination":"Uffd9695c7cd8c01719422bf9014c8da4"}
{"events":[{"type":"message","replyToken":"eb43483cbc3f41ad8042b54e0e0ff664","source":{"userId":"U2bd5949dc58acee85d6eb5466b81833d","type":"user"},"timestamp":1559047815534,"message":{"type":"text","id":"9944289357295","text":"關於我"}}],"destination":"Uffd9695c7cd8c01719422bf9014c8da4"}
{"events":[{"type":"postback","replyToken":"d86b988d250c4d64b0c2097ffe25ade5","source":{"userId":"U2bd5949dc58acee85d6eb5466b81833d","type":"user"},"timestamp":1559047821004,"postback":{"data":"查看個人資料"}}],"destination":"Uffd9695c7cd8c01719422bf9014c8da4"}
{"events":[{"type":"message","replyToken":"96e8d46f48704c6caeb0cad40e8c91f1","source":{"userId":"U2bd5949dc58acee85d6eb5466b81833d","type":"user"},"timestamp":1559047821003,"message":{"type":"text","id":"9944289894260","text":"查看個人資料"}}],"destination":"Uffd9695c7cd8c01719422bf9014c8da4"}
{"events":[{"type":"message","replyToken":"c508f1a6c27f4e44859fc2dc7aee820e","source":{"userId":"U2bd5949dc58acee85d6eb5466b81833d","type":"user"},"timestamp":1559047876997,"message":{"type":"image","id":"9944295366971","contentProvider":{"type":"line"}}}],"destination":"Uffd9695c7cd8c01719422bf9014c8da4"}
{"events":[{"type":"postback","replyToken":"54af6042e2ff4a06b8216ef80be4a8f3","source":{"userId":"U2bd5949dc58acee85d6eb5466b81833d","type":"user"},"timestamp":1559047893954,"postback":{"data":"Yc/U2bd5949dc58acee85d6eb5466b81833d/洋裝"}}],"destination":"Uffd9695c7cd8c01719422bf9014c8da4"}
{"events":[{"type":"postback","replyToken":"b09542c146a1438da2d870ad59169066","source":{"userId":"U2bd5949dc58acee85d6eb5466b81833d","type":"user"},"timestamp":1559047901903,"postback":{"data":"查看個人資料"}}],"destination":"Uffd9695c7cd8c01719422bf9014c8da4"}
{"events":[{"type":"message","replyToken":"394a6664f778498a8fe3dc99629d5563","source":{"userId":"U2bd5949dc58acee85d6eb5466b81833d","type":"user"},"timestamp":1559047901902,"message":{"type":"text","id":"9944297796232","text":"查看個人資料"}}],"destination":"Uffd9695c7cd8c01719422bf9014c8da4"}
{"events":[{"type":"postback","replyToken":"70032cd0af204895a09bdf8d41fc2119","source":{"userId":"U2bd5949dc58acee85d6eb5466b81833d","type":"user"},"timestamp":1559047915333,"postback":{"data":"我的明星臉"}}],"destination":"Uffd9695c7cd8c01719422bf9014c8da4"}
{"events":[{"type":"message","replyToken":"0c2f083242aa41e1b6df1e7fbba0afb9","source":{"userId":"U2bd5949dc58acee85d6eb5466b81833d","type":"user"},"timestamp":1559047915331,"message":{"type":"text","id":"9944299089071","text":"我的明星臉"}}],"destination":"Uffd9695c7cd8c01719422bf9014c8da4"}
{"events":[{"type":"message","replyToken":"645c99bf9b0346d7ad469da5ae3ebe86","source":{"userId":"U2bd5949dc58acee85d6eb5466b81833d","type":"user"},"timestamp":1559047958293,"message":{"type":"text","id":"9944303298329","text":"關於我"}}],"destination":"Uffd9695c7cd8c01719422bf9014c8da4"}
{"events":[{"type":"postback","replyToken":"956c59eafa38474786c7cbc1fd7bfb8a","source":{"userId":"U2bd5949dc58acee85d6eb5466b81833d","type":"user"},"timestamp":1559047958295,"postback":{"data":"關於我"}}],"destination":"Uffd9695c7cd8c01719422bf9014c8da4"}
{"events":[{"type":"postback","replyToken":"966e0d8c022540aa92dc178d7cbb39f1","source":{"userId":"U2bd5949dc58acee85d6eb5466b81833d","type":"user"},"timestamp":1559047963536,"postback":{"data":"查看個人資料"}}],"destination":"Uffd9695c7cd8c01719422bf9014c8da4"}
{"events":[{"type":"message","replyToken":"3a96365371384ea990fe0d016bbe6b58","source":{"userId":"U2bd5949dc58acee85d6eb5466b81833d","type":"user"},"timestamp":1559047963534,"message":{"type":"text","id":"9944303810992","text":"查看個人資料"}}],"destination":"Uffd9695c7cd8c01719422bf9014c8da4"}
{"events":[{"type":"message","replyToken":"5a543c72b61341d182217d236b047c45","source":{"userId":"U2bd5949dc58acee85d6eb5466b81833d","type":"user"},"timestamp":1559047969812,"message":{"type":"text","id":"9944304433108","text":"開啟衣櫃"}}],"destination":"Uffd9695c7cd8c01719422bf9014c8da4"}
{"events":[{"type":"postback","replyToken":"1eb99b5a6c7340dd9bc3b1f8697e4d6e","source":{"userId":"U2bd5949dc58acee85d6eb5466b81833d","type":"user"},"timestamp":1559047969814,"postback":{"data":"開啟衣櫃"}}],"destination":"Uffd9695c7cd8c01719422bf9014c8da4"}
{"events":[{"type":"postback","replyToken":"b5aac3b7fa2e43fa8cea649082728163","source":{"userId":"U2bd5949dc58acee85d6eb5466b81833d","type":"user"},"timestamp":1559047988996,"postback":{"data":"我的明星臉"}}],"destination":"Uffd9695c7cd8c01719422bf9014c8da4"}
{"events":[{"type":"message","replyToken":"64397fe59d4c4e0eb4934f268e3d3917","source":{"userId":"U2bd5949dc58acee85d6eb5466b81833d","type":"user"},"timestamp":1559047988995,"message":{"type":"text","id":"9944306338667","text":"我的明星臉"}}],"destination":"Uffd9695c7cd8c01719422bf9014c8da4"}
{"events":[{"type":"postback","replyToken":"eff59081f1314f7b9998a97ceefb17cb","source":{"userId":"U2bd5949dc58acee85d6eb5466b81833d","type":"user"},"timestamp":1559048118125,"postback":{"data":"關於我"}}],"destination":"Uffd9695c7cd8c01719422bf9014c8da4"}
{"events":[{"type":"message","replyToken":"9142874fd12c4c1cab2a96b4f9ea4e08","source":{"userId":"U2bd5949dc58acee85d6eb5466b81833d","type":"user"},"timestamp":1559048118124,"message":{"type":"text","id":"9944319084190","text":"關於我"}}],"destination":"Uffd9695c7cd8c01719422bf9014c8da4"}
{"events":[{"type":"message","replyToken":"46bcee1424fa43169a4af41ad2ef0f08","source":{"userId":"U2bd5949dc58acee85d6eb5466b81833d","type":"user"},"timestamp":1559048143704,"message":{"type":"text","id":"9944321589917","text":"功能說明"}}],"destination":"Uffd9695c7cd8c01719422bf9014c8da4"}
{"events":[{"type":"postback","replyToken":"44426d3aa11a4625b60d441937ceb657","source":{"userId":"U2bd5949dc58acee85d6eb5466b81833d","type":"user"},"timestamp":1559048150754,"postback":{"data":"關於我"}}],"destination":"Uffd9695c7cd8c01719422bf9014c8da4"}
{"events":[{"type":"message","replyToken":"d286460d38c9495085c62978de587b74","source":{"userId":"U2bd5949dc58acee85d6eb5466b81833d","type":"user"},"timestamp":1559048150752,"message":{"type":"text","id":"9944322287262","text":"關於我"}}],"destination":"Uffd9695c7cd8c01719422bf9014c8da4"}
{"events":[{"type":"postback","replyToken":"7424a165fb2e4844a46bf80bbdca470b","source":{"userId":"U2bd5949dc58acee85d6eb5466b81833d","type":"user"},"timestamp":1559048154095,"postback":{"data":"基本使用說明"}}],"destination":"Uffd9695c7cd8c01719422bf9014c8da4"}
{"events":[{"type":"postback","replyToken":"b0ea3ec0a5aa4f06aaca80f2c1d27763","source":{"userId":"U2bd5949dc58acee85d6eb5466b81833d","type":"user"},"timestamp":1559048158585,"postback":{"data":"機器人簡介"}}],"destination":"Uffd9695c7cd8c01719422bf9014c8da4"}
{"events":[{"type":"postback","replyToken":"4b524105e3f04add88c661e908f6300f","source":{"userId":"U2bd5949dc58acee85d6eb5466b81833d","type":"user"},"timestamp":1559048175265,"postback":{"data":"情境輸入"}}],"destination":"Uffd9695c7cd8c01719422bf9014c8da4"}
{"events":[{"type":"message","replyToken":"9b3f4b4abecc4e298fb7f0e15245a653","source":{"userId":"U2bd5949dc58acee85d6eb5466b81833d","type":"user"},"timestamp":1559048175263,"message":{"type":"text","id":"9944324704224","text":"情境輸入"}}],"destination":"Uffd9695c7cd8c01719422bf9014c8da4"}
{"events":[{"type":"postback","replyToken":"811ddc3b4173465888fc1d983a843a5a","source":{"userId":"U2bd5949dc58acee85d6eb5466b81833d","type":"user"},"timestamp":1559048186415,"postback":{"data":"查看個人資料"}}],"destination":"Uffd9695c7cd8c01719422bf9014c8da4"}
{"events":[{"type":"message","replyToken":"4be47b0d5cb9466d8397c5969ca8147f","source":{"userId":"U2bd5949dc58acee85d6eb5466b81833d","type":"user"},"timestamp":1559048186413,"message":{"type":"text","id":"9944325803083","text":"查看個人資料"}}],"destination":"Uffd9695c7cd8c01719422bf9014c8da4"}
{"events":[{"type":"postback","replyToken":"a084e5abc0924f7f83a07715ff338f2b","source":{"userId":"U2bd5949dc58acee85d6eb5466b81833d","type":"user"},"timestamp":1559048191083,"postback":{"data":"我的明星臉"}}],"destination":"Uffd9695c7cd8c01719422bf9014c8da4"}
{"events":[{"type":"message","replyToken":"8773897116394fb98cbe33c94ea98a42","source":{"userId":"U2bd5949dc58acee85d6eb5466b81833d","type":"user"},"timestamp":1559048191081,"message":{"type":"text","id":"9944326266803","text":"我的明星臉"}}],"destination":"Uffd9695c7cd8c01719422bf9014c8da4"}
{"events":[{"type":"unfollow","source":{"userId":"U761c8deb6fa7b6d57a48c38b33ff2897","type":"user"},"timestamp":1559049867938}],"destination":"Uffd9695c7cd8c01719422bf9014c8da4"}
{"events":[{"type":"follow","replyToken":"fecb6dbd62414058b76f89c3d993581e","source":{"userId":"U761c8deb6fa7b6d57a48c38b33ff2897","type":"user"},"timestamp":1559049868768}],"destination":"Uffd9695c7cd8c01719422bf9014c8da4"}
{"events":[{"type":"postback","replyToken":"85a91b2081ac4f76a4d38adb36423321","source":{"userId":"U761c8deb6fa7b6d57a48c38b33ff2897","type":"user"},"timestamp":1559049874263,"postback":{"data":"加入會員"}}],"destination":"Uffd9695c7cd8c01719422bf9014c8da4"}
{"events":[{"type":"message","replyToken":"f4d770beb62d4bec999741b1feb05be7","source":{"userId":"U761c8deb6fa7b6d57a48c38b33ff2897","type":"user"},"timestamp":1559049874261,"message":{"type":"text","id":"9944491540454","text":"加入會員"}}],"destination":"Uffd9695c7cd8c01719422bf9014c8da4"}
{"events":[{"type":"postback","replyToken":"6b0b80900ce845d0ba06737fa7cd9f9a","source":{"userId":"U8b7ecef1297d207a53212ca370a703f0","type":"user"},"timestamp":1559049891968,"postback":{"data":"我的明星臉"}}],"destination":"Uffd9695c7cd8c01719422bf9014c8da4"}
{"events":[{"type":"message","replyToken":"e9a5aa221e76459ba37d86913dc59dff","source":{"userId":"U8b7ecef1297d207a53212ca370a703f0","type":"user"},"timestamp":1559049891966,"message":{"type":"text","id":"9944493287848","text":"我的明星臉"}}],"destination":"Uffd9695c7cd8c01719422bf9014c8da4"}
{"events":[{"type":"postback","replyToken":"25bf975dbaad43d3b5e61258bd580328","source":{"userId":"U761c8deb6fa7b6d57a48c38b33ff2897","type":"user"},"timestamp":1559049917974,"postback":{"data":"我的明星臉"}}],"destination":"Uffd9695c7cd8c01719422bf9014c8da4"}
{"events":[{"type":"message","replyToken":"cd4e1100ae9d472c8eabad2339cd3ec8","source":{"userId":"U761c8deb6fa7b6d57a48c38b33ff2897","type":"user"},"timestamp":1559049917973,"message":{"type":"text","id":"9944495830276","text":"我的明星臉"}}],"destination":"Uffd9695c7cd8c01719422bf9014c8da4"}
{"events":[{"type":"postback","replyToken":"457066a08f384771ad4af5f4eba20153","source":{"userId":"U761c8deb6fa7b6d57a48c38b33ff2897","type":"user"},"timestamp":1559049992084,"postback":{"data":"查看個人資料"}}],"destination":"Uffd9695c7cd8c01719422bf9014c8da4"}
{"events":[{"type":"message","replyToken":"25b6199bfbea488897320ed2253d05bf","source":{"userId":"U761c8deb6fa7b6d57a48c38b33ff2897","type":"user"},"timestamp":1559049992082,"message":{"type":"text","id":"9944503085351","text":"查看個人資料"}}],"destination":"Uffd9695c7cd8c01719422bf9014c8da4"}
{"events":[{"type":"postback","replyToken":"6da6399d908a40d1937ffb1cda136cff","source":{"userId":"U761c8deb6fa7b6d57a48c38b33ff2897","type":"user"},"timestamp":1559049997060,"postback":{"data":"我的明星臉"}}],"destination":"Uffd9695c7cd8c01719422bf9014c8da4"}
{"events":[{"type":"message","replyToken":"37e01f249e3042d087c9183dc5c2ea29","source":{"userId":"U761c8deb6fa7b6d57a48c38b33ff2897","type":"user"},"timestamp":1559049997059,"message":{"type":"text","id":"9944503557764","text":"我的明星臉"}}],"destination":"Uffd9695c7cd8c01719422bf9014c8da4"}
{"events":[{"type":"unfollow","source":{"userId":"U6aac24bd7832e7dd285db28eb9036d24","type":"user"},"timestamp":1559050067020}],"destination":"Uffd9695c7cd8c01719422bf9014c8da4"}
{"events":[{"type":"message","replyToken":"bb98e0fccfb842d0b0d5ffcbd8da52ae","source":{"userId":"U761c8deb6fa7b6d57a48c38b33ff2897","type":"user"},"timestamp":1559050067178,"message":{"type":"image","id":"9944510389149","contentProvider":{"type":"line"}}}],"destination":"Uffd9695c7cd8c01719422bf9014c8da4"}
{"events":[{"type":"follow","replyToken":"f8061ae329ed4068b31349213c2986fe","source":{"userId":"U6aac24bd7832e7dd285db28eb9036d24","type":"user"},"timestamp":1559050068328}],"destination":"Uffd9695c7cd8c01719422bf9014c8da4"}
{"events":[{"type":"postback","replyToken":"96ef697fb4da4360a6d5f5e4792ad370","source":{"userId":"U6aac24bd7832e7dd285db28eb9036d24","type":"user"},"timestamp":1559050073852,"postback":{"data":"加入會員"}}],"destination":"Uffd9695c7cd8c01719422bf9014c8da4"}
{"events":[{"type":"message","replyToken":"102c84d9f08d4a1381ef42b0f2c64341","source":{"userId":"U6aac24bd7832e7dd285db28eb9036d24","type":"user"},"timestamp":1559050073851,"message":{"type":"text","id":"9944511043373","text":"加入會員"}}],"destination":"Uffd9695c7cd8c01719422bf9014c8da4"}
{"events":[{"type":"postback","replyToken":"58fb7a34e55a4af0893dccac7a92e6b1","source":{"userId":"U761c8deb6fa7b6d57a48c38b33ff2897","type":"user"},"timestamp":1559050099867,"postback":{"data":"clo/U761c8deb6fa7b6d57a48c38b33ff2897/西裝外套"}}],"destination":"Uffd9695c7cd8c01719422bf9014c8da4"}
{"events":[{"type":"message","replyToken":"da32929fb5b548b59f3244cd618e7a4d","source":{"userId":"U761c8deb6fa7b6d57a48c38b33ff2897","type":"user"},"timestamp":1559050099865,"message":{"type":"text","id":"9944513575146","text":"不是西裝外套，請換選項"}}],"destination":"Uffd9695c7cd8c01719422bf9014c8da4"}
{"events":[{"type":"postback","replyToken":"ef2ef911cd7242df844df9fea0b1bb1d","source":{"userId":"U761c8deb6fa7b6d57a48c38b33ff2897","type":"user"},"timestamp":1559050103658,"postback":{"data":"U/U761c8deb6fa7b6d57a48c38b33ff2897/襯衫"}}],"destination":"Uffd9695c7cd8c01719422bf9014c8da4"}
{"events":[{"type":"postback","replyToken":"4f828df0690344d6972a0bc780102d4b","source":{"userId":"U761c8deb6fa7b6d57a48c38b33ff2897","type":"user"},"timestamp":1559050110974,"postback":{"data":"開啟衣櫃"}}],"destination":"Uffd9695c7cd8c01719422bf9014c8da4"}
{"events":[{"type":"postback","replyToken":"71a0a67c83344635a671d96b155606b8","source":{"userId":"U6aac24bd7832e7dd285db28eb9036d24","type":"user"},"timestamp":1559050111733,"postback":{"data":"我的明星臉"}}],"destination":"Uffd9695c7cd8c01719422bf9014c8da4"}
{"events":[{"type":"message","replyToken":"daa8fae1b8c9463fb8f6737fd0cd235f","source":{"userId":"U761c8deb6fa7b6d57a48c38b33ff2897","type":"user"},"timestamp":1559050110972,"message":{"type":"text","id":"9944514654316","text":"開啟衣櫃"}}],"destination":"Uffd9695c7cd8c01719422bf9014c8da4"}
{"events":[{"type":"message","replyToken":"50f40ec158cb4ba58c96ac36faef8a02","source":{"userId":"U6aac24bd7832e7dd285db28eb9036d24","type":"user"},"timestamp":1559050111731,"message":{"type":"text","id":"9944514722552","text":"我的明星臉"}}],"destination":"Uffd9695c7cd8c01719422bf9014c8da4"}
{"events":[{"type":"postback","replyToken":"032ec8b0c14a4291958c770b0b6a888c","source":{"userId":"U761c8deb6fa7b6d57a48c38b33ff2897","type":"user"},"timestamp":1559050147195,"postback":{"data":"情境輸入"}}],"destination":"Uffd9695c7cd8c01719422bf9014c8da4"}
{"events":[{"type":"message","replyToken":"92d04507c87e44f4b01d04a7c223c13d","source":{"userId":"U761c8deb6fa7b6d57a48c38b33ff2897","type":"user"},"timestamp":1559050147191,"message":{"type":"text","id":"9944518192001","text":"情境輸入"}}],"destination":"Uffd9695c7cd8c01719422bf9014c8da4"}
{"events":[{"type":"message","replyToken":"c7418542524f4c2c9fd9f8d8b7297ea5","source":{"userId":"U761c8deb6fa7b6d57a48c38b33ff2897","type":"user"},"timestamp":1559050154794,"message":{"type":"text","id":"9944518935015","text":"明天去面試"}}],"destination":"Uffd9695c7cd8c01719422bf9014c8da4"}
{"events":[{"type":"message","replyToken":"67f46e353dcd41bead2548523ba46c2b","source":{"userId":"U761c8deb6fa7b6d57a48c38b33ff2897","type":"user"},"timestamp":1559050164112,"message":{"type":"text","id":"9944519849528","text":"進行正式相關的活動，開始推薦"}}],"destination":"Uffd9695c7cd8c01719422bf9014c8da4"}
{"events":[{"type":"postback","replyToken":"0f742d405a274aa6ac8b765222290059","source":{"userId":"U761c8deb6fa7b6d57a48c38b33ff2897","type":"user"},"timestamp":1559050164114,"postback":{"data":"Y/明天去面試/正式"}}],"destination":"Uffd9695c7cd8c01719422bf9014c8da4"}
{"events":[{"type":"message","replyToken":"ec3abadd268c4d9c863e24cbab417311","source":{"userId":"U761c8deb6fa7b6d57a48c38b33ff2897","type":"user"},"timestamp":1559050179145,"message":{"type":"sticker","id":"9944521338065","stickerId":"166607249","packageId":"7038174"}}],"destination":"Uffd9695c7cd8c01719422bf9014c8da4"}
{"events":[{"type":"postback","replyToken":"b646f08bbabf4e0e80eafc87a3587c85","source":{"userId":"U761c8deb6fa7b6d57a48c38b33ff2897","type":"user"},"timestamp":1559050187637,"postback":{"data":"我的明星臉"}}],"destination":"Uffd9695c7cd8c01719422bf9014c8da4"}
{"events":[{"type":"message","replyToken":"0222b1e784644da6a07a110675cada2b","source":{"userId":"U761c8deb6fa7b6d57a48c38b33ff2897","type":"user"},"timestamp":1559050187635,"message":{"type":"text","id":"9944522178377","text":"我的明星臉"}}],"destination":"Uffd9695c7cd8c01719422bf9014c8da4"}
{"events":[{"type":"follow","replyToken":"939199cf3901433c8d2e5b035210678e","source":{"userId":"U060ef8294014e8f4c5d790707eb2c772","type":"user"},"timestamp":1559050426661}],"destination":"Uffd9695c7cd8c01719422bf9014c8da4"}
{"events":[{"type":"postback","replyToken":"f2185253043f4365ad5cf49b6541a124","source":{"userId":"U060ef8294014e8f4c5d790707eb2c772","type":"user"},"timestamp":1559050435375,"postback":{"data":"加入會員"}}],"destination":"Uffd9695c7cd8c01719422bf9014c8da4"}
{"events":[{"type":"message","replyToken":"fc8fe5f7a78747c5ac65288810c06a71","source":{"userId":"U060ef8294014e8f4c5d790707eb2c772","type":"user"},"timestamp":1559050435373,"message":{"type":"text","id":"9944546334514","text":"加入會員"}}],"destination":"Uffd9695c7cd8c01719422bf9014c8da4"}
{"events":[{"type":"postback","replyToken":"5bddddb198a14d1e8ca68a688c15c090","source":{"userId":"U060ef8294014e8f4c5d790707eb2c772","type":"user"},"timestamp":1559050584147,"postback":{"data":"我的明星臉"}}],"destination":"Uffd9695c7cd8c01719422bf9014c8da4"}
{"events":[{"type":"message","replyToken":"dca59615a50d4f6bb379338aeb077b04","source":{"userId":"U060ef8294014e8f4c5d790707eb2c772","type":"user"},"timestamp":1559050584145,"message":{"type":"text","id":"9944560898629","text":"我的明星臉"}}],"destination":"Uffd9695c7cd8c01719422bf9014c8da4"}
{"events":[{"type":"postback","replyToken":"b88ce6b223454d0e92e103c78129cc61","source":{"userId":"U060ef8294014e8f4c5d790707eb2c772","type":"user"},"timestamp":1559050597032,"postback":{"data":"關於我"}}],"destination":"Uffd9695c7cd8c01719422bf9014c8da4"}
{"events":[{"type":"message","replyToken":"ce764369f12e4cb6b94b7da74bf25925","source":{"userId":"U060ef8294014e8f4c5d790707eb2c772","type":"user"},"timestamp":1559050597031,"message":{"type":"text","id":"9944562172431","text":"關於我"}},{"type":"postback","replyToken":"ea399f60508d4ac5aa0548af4acfa35f","source":{"userId":"U060ef8294014e8f4c5d790707eb2c772","type":"user"},"timestamp":1559050597880,"postback":{"data":"我的明星臉"}},{"type":"message","replyToken":"5c2cfdd6f75e4e7a8fe89bb8c166d695","source":{"userId":"U060ef8294014e8f4c5d790707eb2c772","type":"user"},"timestamp":1559050597878,"message":{"type":"text","id":"9944562258922","text":"我的明星臉"}}],"destination":"Uffd9695c7cd8c01719422bf9014c8da4"}
{"events":[{"type":"postback","replyToken":"c46ad13902fe4a2abc7f2a910a8aeef7","source":{"userId":"U060ef8294014e8f4c5d790707eb2c772","type":"user"},"timestamp":1559050607365,"postback":{"data":"情境輸入"}}],"destination":"Uffd9695c7cd8c01719422bf9014c8da4"}
{"events":[{"type":"message","replyToken":"d2a96c6fe90042de8c8506a2bc802b0c","source":{"userId":"U060ef8294014e8f4c5d790707eb2c772","type":"user"},"timestamp":1559050607364,"message":{"type":"text","id":"9944563186119","text":"情境輸入"}}],"destination":"Uffd9695c7cd8c01719422bf9014c8da4"}
{"events":[{"type":"message","replyToken":"c7d232c5c91848e0be5d92c3081cdbd5","source":{"userId":"U060ef8294014e8f4c5d790707eb2c772","type":"user"},"timestamp":1559050624383,"message":{"type":"text","id":"9944564865139","text":"嗚嗚嗚"}}],"destination":"Uffd9695c7cd8c01719422bf9014c8da4"}
{"events":[{"type":"postback","replyToken":"43d0d94e8eee4fe5a7461fb4c2097310","source":{"userId":"U060ef8294014e8f4c5d790707eb2c772","type":"user"},"timestamp":1559050628451,"postback":{"data":"No/嗚嗚嗚/運動"}}],"destination":"Uffd9695c7cd8c01719422bf9014c8da4"}
{"events":[{"type":"message","replyToken":"0681b76c62634cc3ba013059f46b9a79","source":{"userId":"U060ef8294014e8f4c5d790707eb2c772","type":"user"},"timestamp":1559050628449,"message":{"type":"text","id":"9944565264884","text":"不是運動相關的活動，請換選項"}}],"destination":"Uffd9695c7cd8c01719422bf9014c8da4"}
{"events":[{"type":"message","replyToken":"f8fcabfb687844aa94379921567ae8f2","source":{"userId":"U060ef8294014e8f4c5d790707eb2c772","type":"user"},"timestamp":1559050652145,"message":{"type":"text","id":"9944567583958","text":" '"}}],"destination":"Uffd9695c7cd8c01719422bf9014c8da4"}
{"events":[{"type":"message","replyToken":"f568b74abd55472b90270adb4623dbd8","source":{"userId":"U060ef8294014e8f4c5d790707eb2c772","type":"user"},"timestamp":1559050671336,"message":{"type":"text","id":"9944569456261","text":"\""}}],"destination":"Uffd9695c7cd8c01719422bf9014c8da4"}
{"events":[{"type":"message","replyToken":"8fdbdb1f3d7b49578bab7fe6a9de4aa1","source":{"userId":"U060ef8294014e8f4c5d790707eb2c772","type":"user"},"timestamp":1559050701946,"message":{"type":"text","id":"9944572426988","text":"關於我"}}],"destination":"Uffd9695c7cd8c01719422bf9014c8da4"}
{"events":[{"type":"postback","replyToken":"7ab5fd7fc0e14184bbe7e6eb8e08d77d","source":{"userId":"U060ef8294014e8f4c5d790707eb2c772","type":"user"},"timestamp":1559050701948,"postback":{"data":"關於我"}}],"destination":"Uffd9695c7cd8c01719422bf9014c8da4"}
{"events":[{"type":"message","replyToken":"a5f9187ac9c64cab941905fe4c35307a","source":{"userId":"U060ef8294014e8f4c5d790707eb2c772","type":"user"},"timestamp":1559050734209,"message":{"type":"text","id":"9944575542628","text":"查看個人資料"}}],"destination":"Uffd9695c7cd8c01719422bf9014c8da4"}
{"events":[{"type":"postback","replyToken":"161a0bf340e1432e860f950303d1502d","source":{"userId":"U060ef8294014e8f4c5d790707eb2c772","type":"user"},"timestamp":1559050734212,"postback":{"data":"查看個人資料"}}],"destination":"Uffd9695c7cd8c01719422bf9014c8da4"}
{"events":[{"type":"postback","replyToken":"b7f1f7b4ca0a45e08024a9fcc4aceb97","source":{"userId":"U060ef8294014e8f4c5d790707eb2c772","type":"user"},"timestamp":1559051058117,"postback":{"data":"開啟衣櫃"}}],"destination":"Uffd9695c7cd8c01719422bf9014c8da4"}
{"events":[{"type":"message","replyToken":"d08ec7d4d2c041febb235716300b6946","source":{"userId":"U060ef8294014e8f4c5d790707eb2c772","type":"user"},"timestamp":1559051058115,"message":{"type":"text","id":"9944606599325","text":"開啟衣櫃"}}],"destination":"Uffd9695c7cd8c01719422bf9014c8da4"}
{"events":[{"type":"postback","replyToken":"a27fce1b4e524115b02893d357354615","source":{"userId":"U060ef8294014e8f4c5d790707eb2c772","type":"user"},"timestamp":1559051124611,"postback":{"data":"我的明星臉"}}],"destination":"Uffd9695c7cd8c01719422bf9014c8da4"}
{"events":[{"type":"message","replyToken":"e0b7dacc4d214e888a9a80c28411f365","source":{"userId":"U060ef8294014e8f4c5d790707eb2c772","type":"user"},"timestamp":1559051124609,"message":{"type":"text","id":"9944613010997","text":"我的明星臉"}}],"destination":"Uffd9695c7cd8c01719422bf9014c8da4"}
{"events":[{"type":"postback","replyToken":"c7f53b818b094a6fbdf469f06f13de03","source":{"userId":"U060ef8294014e8f4c5d790707eb2c772","type":"user"},"timestamp":1559051316283,"postback":{"data":"關於我"}}],"destination":"Uffd9695c7cd8c01719422bf9014c8da4"}
{"events":[{"type":"message","replyToken":"1785697089b1438da6f98428bd97b521","source":{"userId":"U060ef8294014e8f4c5d790707eb2c772","type":"user"},"timestamp":1559051316282,"message":{"type":"text","id":"9944631267409","text":"關於我"}}],"destination":"Uffd9695c7cd8c01719422bf9014c8da4"}
{"events":[{"type":"postback","replyToken":"8845781120ef4b5ca457ff147820e2f7","source":{"userId":"U060ef8294014e8f4c5d790707eb2c772","type":"user"},"timestamp":1559051323036,"postback":{"data":"機器人簡介"}}],"destination":"Uffd9695c7cd8c01719422bf9014c8da4"}
{"events":[{"type":"message","replyToken":"f6de65ab0d004544aec548e2538d70e8","source":{"userId":"U060ef8294014e8f4c5d790707eb2c772","type":"user"},"timestamp":1559051351872,"message":{"type":"text","id":"9944634661784","text":"功能說明"}}],"destination":"Uffd9695c7cd8c01719422bf9014c8da4"}
{"events":[{"type":"message","replyToken":"32e55316379d41dda9ce30b46337ac30","source":{"userId":"U060ef8294014e8f4c5d790707eb2c772","type":"user"},"timestamp":1559051359461,"message":{"type":"text","id":"9944635380890","text":"下一頁"}}],"destination":"Uffd9695c7cd8c01719422bf9014c8da4"}
{"events":[{"type":"postback","replyToken":"872d969d50f64630af0e37b04d5e36ac","source":{"userId":"U060ef8294014e8f4c5d790707eb2c772","type":"user"},"timestamp":1559051365518,"postback":{"data":"拍照／圖庫上傳說明"}}],"destination":"Uffd9695c7cd8c01719422bf9014c8da4"}
{"events":[{"type":"postback","replyToken":"14de54f834ee4ad2a90d422682f7b943","source":{"userId":"U060ef8294014e8f4c5d790707eb2c772","type":"user"},"timestamp":1559051382770,"postback":{"data":"開啟衣櫃"}}],"destination":"Uffd9695c7cd8c01719422bf9014c8da4"}
{"events":[{"type":"message","replyToken":"a384c668f9b64190a372873f2706fd47","source":{"userId":"U060ef8294014e8f4c5d790707eb2c772","type":"user"},"timestamp":1559051382768,"message":{"type":"text","id":"9944637622550","text":"開啟衣櫃"}}],"destination":"Uffd9695c7cd8c01719422bf9014c8da4"}
{"events":[{"type":"postback","replyToken":"6ffafdf4db644417a241ab3c6a760bfa","source":{"userId":"U060ef8294014e8f4c5d790707eb2c772","type":"user"},"timestamp":1559051417409,"postback":{"data":"開啟衣櫃"}}],"destination":"Uffd9695c7cd8c01719422bf9014c8da4"}
{"events":[{"type":"message","replyToken":"6d5d6b3d731d441389e29f1d4f0d688f","source":{"userId":"U060ef8294014e8f4c5d790707eb2c772","type":"user"},"timestamp":1559051417408,"message":{"type":"text","id":"9944640948560","text":"開啟衣櫃"}}],"destination":"Uffd9695c7cd8c01719422bf9014c8da4"}
{"events":[{"type":"message","replyToken":"b19e66b7c84e49ae9d1db1910f5f7723","source":{"userId":"U060ef8294014e8f4c5d790707eb2c772","type":"user"},"timestamp":1559051442465,"message":{"type":"text","id":"9944643336967","text":"情境輸入"}}],"destination":"Uffd9695c7cd8c01719422bf9014c8da4"}
{"events":[{"type":"postback","replyToken":"47f2d6605d00421a8c184bcfbc0b4ded","source":{"userId":"U060ef8294014e8f4c5d790707eb2c772","type":"user"},"timestamp":1559051442467,"postback":{"data":"情境輸入"}}],"destination":"Uffd9695c7cd8c01719422bf9014c8da4"}
{"events":[{"type":"postback","replyToken":"6046bbeb904b40ceb5569f184828dd21","source":{"userId":"U060ef8294014e8f4c5d790707eb2c772","type":"user"},"timestamp":1559051444946,"postback":{"data":"情境輸入"}},{"type":"message","replyToken":"40c69907f1c048269a6347db343d9588","source":{"userId":"U060ef8294014e8f4c5d790707eb2c772","type":"user"},"timestamp":1559051444944,"message":{"type":"text","id":"9944643568053","text":"情境輸入"}}],"destination":"Uffd9695c7cd8c01719422bf9014c8da4"}
{"events":[{"type":"postback","replyToken":"8b8757eb07c84121869fb745a9f1ccb8","source":{"userId":"U060ef8294014e8f4c5d790707eb2c772","type":"user"},"timestamp":1559051474678,"postback":{"data":"情境輸入"}}],"destination":"Uffd9695c7cd8c01719422bf9014c8da4"}
{"events":[{"type":"message","replyToken":"d6071350b51045aa8aeceb67f27673d3","source":{"userId":"U060ef8294014e8f4c5d790707eb2c772","type":"user"},"timestamp":1559051474676,"message":{"type":"text","id":"9944646390747","text":"情境輸入"}}],"destination":"Uffd9695c7cd8c01719422bf9014c8da4"}
{"events":[{"type":"message","replyToken":"d5a7c5be52254ef3896fe2e25ecc7c28","source":{"userId":"U060ef8294014e8f4c5d790707eb2c772","type":"user"},"timestamp":1559051483458,"message":{"type":"text","id":"9944647223209","text":"Ooo"}}],"destination":"Uffd9695c7cd8c01719422bf9014c8da4"}
{"events":[{"type":"postback","replyToken":"6714418752de4295a7a57af9791d9637","source":{"userId":"U060ef8294014e8f4c5d790707eb2c772","type":"user"},"timestamp":1559051486979,"postback":{"data":"No/Ooo/運動"}}],"destination":"Uffd9695c7cd8c01719422bf9014c8da4"}
{"events":[{"type":"message","replyToken":"ab690c7848604310a1f325ab58b6fea0","source":{"userId":"U060ef8294014e8f4c5d790707eb2c772","type":"user"},"timestamp":1559051486978,"message":{"type":"text","id":"9944647551278","text":"不是運動相關的活動，請換選項"}}],"destination":"Uffd9695c7cd8c01719422bf9014c8da4"}
{"events":[{"type":"postback","replyToken":"2ceb40002b374bd6b0dcd863d4dc1e83","source":{"userId":"U060ef8294014e8f4c5d790707eb2c772","type":"user"},"timestamp":1559051499441,"postback":{"data":"N/No/Ooo/運動/正式"}}],"destination":"Uffd9695c7cd8c01719422bf9014c8da4"}
{"events":[{"type":"message","replyToken":"34bfea61946941feb9aa83e5d3d571e1","source":{"userId":"U060ef8294014e8f4c5d790707eb2c772","type":"user"},"timestamp":1559051499440,"message":{"type":"text","id":"9944648738742","text":"進行正式相關的活動，開始推薦"}}],"destination":"Uffd9695c7cd8c01719422bf9014c8da4"}
{"events":[{"type":"message","replyToken":"6d2c96ac5fa54264b8f7c91023173d25","source":{"userId":"U060ef8294014e8f4c5d790707eb2c772","type":"user"},"timestamp":1559051509054,"message":{"type":"text","id":"9944649643014","text":"機掰"}}],"destination":"Uffd9695c7cd8c01719422bf9014c8da4"}
{"events":[{"type":"unfollow","source":{"userId":"U4a636525c86036d8a59e6c63bc6946dc","type":"user"},"timestamp":1559051703788}],"destination":"Uffd9695c7cd8c01719422bf9014c8da4"}
{"events":[{"type":"follow","replyToken":"d9eea3b8d9a74d2ab51fadf95be3f0e3","source":{"userId":"U4a636525c86036d8a59e6c63bc6946dc","type":"user"},"timestamp":1559051704735}],"destination":"Uffd9695c7cd8c01719422bf9014c8da4"}
{"events":[{"type":"postback","replyToken":"e2218fad6d474ab2bde06dbe52f7ecb4","source":{"userId":"U4a636525c86036d8a59e6c63bc6946dc","type":"user"},"timestamp":1559051757249,"postback":{"data":"開啟衣櫃"}}],"destination":"Uffd9695c7cd8c01719422bf9014c8da4"}
{"events":[{"type":"message","replyToken":"01d49c9837ef4103a94b41c3bd4b3b2f","source":{"userId":"U4a636525c86036d8a59e6c63bc6946dc","type":"user"},"timestamp":1559051757248,"message":{"type":"text","id":"9944672903338","text":"開啟衣櫃"}}],"destination":"Uffd9695c7cd8c01719422bf9014c8da4"}
{"events":[{"type":"postback","replyToken":"ecbd59267f5c4e7b8e7adc3e265313b7","source":{"userId":"U060ef8294014e8f4c5d790707eb2c772","type":"user"},"timestamp":1559051782573,"postback":{"data":"No/機掰/運動"}}],"destination":"Uffd9695c7cd8c01719422bf9014c8da4"}
{"events":[{"type":"message","replyToken":"7b9877d57bbb46d9aa1efeb5e4f2a93b","source":{"userId":"U060ef8294014e8f4c5d790707eb2c772","type":"user"},"timestamp":1559051782571,"message":{"type":"text","id":"9944675290939","text":"不是運動相關的活動，請換選項"}}],"destination":"Uffd9695c7cd8c01719422bf9014c8da4"}
{"events":[{"type":"postback","replyToken":"a519d8930d404ff0b1dbb57e89235357","source":{"userId":"U060ef8294014e8f4c5d790707eb2c772","type":"user"},"timestamp":1559051803329,"postback":{"data":"N/No/機掰/運動/正式"}}],"destination":"Uffd9695c7cd8c01719422bf9014c8da4"}
{"events":[{"type":"message","replyToken":"ccbfd9ce47a240399f5e96ef71756bb5","source":{"userId":"U060ef8294014e8f4c5d790707eb2c772","type":"user"},"timestamp":1559051803328,"message":{"type":"text","id":"9944677247429","text":"進行正式相關的活動，開始推薦"}}],"destination":"Uffd9695c7cd8c01719422bf9014c8da4"}
{"events":[{"type":"postback","replyToken":"2ed3a4c6cf254790a54f71b0bdb9cd0c","source":{"userId":"U060ef8294014e8f4c5d790707eb2c772","type":"user"},"timestamp":1559051810588,"postback":{"data":"N/No/機掰/運動/休閒"}}],"destination":"Uffd9695c7cd8c01719422bf9014c8da4"}
{"events":[{"type":"message","replyToken":"9f8f8b9131b8434fb40764e8531b7933","source":{"userId":"U060ef8294014e8f4c5d790707eb2c772","type":"user"},"timestamp":1559051810587,"message":{"type":"text","id":"9944677930851","text":"進行休閒相關的活動，開始推薦"}}],"destination":"Uffd9695c7cd8c01719422bf9014c8da4"}
{"events":[{"type":"message","replyToken":"d933404a399b43658970dd5b6adf84b1","source":{"userId":"U060ef8294014e8f4c5d790707eb2c772","type":"user"},"timestamp":1559051818822,"message":{"type":"text","id":"9944678710304","text":"ㄨ"}}],"destination":"Uffd9695c7cd8c01719422bf9014c8da4"}
{"events":[{"type":"postback","replyToken":"312d18b731aa401d8f080f469db694df","source":{"userId":"U060ef8294014e8f4c5d790707eb2c772","type":"user"},"timestamp":1559051822631,"postback":{"data":"No/ㄨ/運動"}}],"destination":"Uffd9695c7cd8c01719422bf9014c8da4"}
{"events":[{"type":"message","replyToken":"ca7a6ac395114ca8a0a572febc23b85e","source":{"userId":"U060ef8294014e8f4c5d790707eb2c772","type":"user"},"timestamp":1559051822630,"message":{"type":"text","id":"9944679074166","text":"不是運動相關的活動，請換選項"}}],"destination":"Uffd9695c7cd8c01719422bf9014c8da4"}
{"events":[{"type":"message","replyToken":"a4896913e5fb404b9334d1eee742f931","source":{"userId":"U060ef8294014e8f4c5d790707eb2c772","type":"user"},"timestamp":1559051830475,"message":{"type":"text","id":"9944679802177","text":"正式"}}],"destination":"Uffd9695c7cd8c01719422bf9014c8da4"}
{"events":[{"type":"message","replyToken":"7e507dc82d42496a9c22cbc4fa7dcf7d","source":{"userId":"U060ef8294014e8f4c5d790707eb2c772","type":"user"},"timestamp":1559051851368,"message":{"type":"text","id":"9944681770361","text":"呃呃呃"}}],"destination":"Uffd9695c7cd8c01719422bf9014c8da4"}
{"events":[{"type":"unfollow","source":{"userId":"U060ef8294014e8f4c5d790707eb2c772","type":"user"},"timestamp":1559051883992}],"destination":"Uffd9695c7cd8c01719422bf9014c8da4"}
{"events":[{"type":"follow","replyToken":"864e77245d2b4088a82278572c7ec6b3","source":{"userId":"U060ef8294014e8f4c5d790707eb2c772","type":"user"},"timestamp":1559051894789}],"destination":"Uffd9695c7cd8c01719422bf9014c8da4"}
{"events":[{"type":"unfollow","source":{"userId":"U060ef8294014e8f4c5d790707eb2c772","type":"user"},"timestamp":1559051969792}],"destination":"Uffd9695c7cd8c01719422bf9014c8da4"}
{"events":[{"type":"follow","replyToken":"4d70599b2ccc404c8effe868cca978d1","source":{"userId":"U060ef8294014e8f4c5d790707eb2c772","type":"user"},"timestamp":1559051974169}],"destination":"Uffd9695c7cd8c01719422bf9014c8da4"}
{"events":[{"type":"message","replyToken":"4aa9ecea0efa4c5a970d68aa2dde87b4","source":{"userId":"U060ef8294014e8f4c5d790707eb2c772","type":"user"},"timestamp":1559051980633,"message":{"type":"text","id":"9944694035512","text":"ㄜ"}}],"destination":"Uffd9695c7cd8c01719422bf9014c8da4"}
{"events":[{"type":"message","replyToken":"1ab232917d9e46b3a4d73a089ddbba9d","source":{"userId":"U060ef8294014e8f4c5d790707eb2c772","type":"user"},"timestamp":1559052079809,"message":{"type":"image","id":"9944703534776","contentProvider":{"type":"line"}}}],"destination":"Uffd9695c7cd8c01719422bf9014c8da4"}
{"events":[{"type":"postback","replyToken":"259cd8a2cfde4d3ea173fb2507684bc9","source":{"userId":"U060ef8294014e8f4c5d790707eb2c772","type":"user"},"timestamp":1559052098773,"postback":{"data":"Yc/U060ef8294014e8f4c5d790707eb2c772/背心"}}],"destination":"Uffd9695c7cd8c01719422bf9014c8da4"}
{"events":[{"type":"postback","replyToken":"97f6682da2fd49b9b9b758164f6d53ee","source":{"userId":"U060ef8294014e8f4c5d790707eb2c772","type":"user"},"timestamp":1559052110097,"postback":{"data":"開啟衣櫃"}}],"destination":"Uffd9695c7cd8c01719422bf9014c8da4"}
{"events":[{"type":"message","replyToken":"9fc63325f67245d18da521e5ad5faba0","source":{"userId":"U060ef8294014e8f4c5d790707eb2c772","type":"user"},"timestamp":1559052110096,"message":{"type":"text","id":"9944706419426","text":"開啟衣櫃"}}],"destination":"Uffd9695c7cd8c01719422bf9014c8da4"}
{"events":[{"type":"message","replyToken":"9a6a48907ad64687a853f6ca56a5856d","source":{"userId":"U060ef8294014e8f4c5d790707eb2c772","type":"user"},"timestamp":1559052202230,"message":{"type":"image","id":"9944715122017","contentProvider":{"type":"line"}}}],"destination":"Uffd9695c7cd8c01719422bf9014c8da4"}
{"events":[{"type":"postback","replyToken":"b3e4ce4b6bce4488bd73031218074348","source":{"userId":"U060ef8294014e8f4c5d790707eb2c772","type":"user"},"timestamp":1559052216060,"postback":{"data":"Yc/U060ef8294014e8f4c5d790707eb2c772/背心"}}],"destination":"Uffd9695c7cd8c01719422bf9014c8da4"}
{"events":[{"type":"message","replyToken":"138e2149c2494349bee3d936cd9d3c32","source":{"userId":"U060ef8294014e8f4c5d790707eb2c772","type":"user"},"timestamp":1559052244886,"message":{"type":"image","id":"9944719125135","contentProvider":{"type":"line"}}}],"destination":"Uffd9695c7cd8c01719422bf9014c8da4"}
{"events":[{"type":"message","replyToken":"c4d65ef4347a403291ce6bb2858611e2","source":{"userId":"U060ef8294014e8f4c5d790707eb2c772","type":"user"},"timestamp":1559052268937,"message":{"type":"text","id":"9944721382944","text":"你他媽是多喜歡背心"}}],"destination":"Uffd9695c7cd8c01719422bf9014c8da4"}
{"events":[{"type":"message","replyToken":"569ba151a1044cd581c815022db20c19","source":{"userId":"U060ef8294014e8f4c5d790707eb2c772","type":"user"},"timestamp":1559052317633,"message":{"type":"image","id":"9944725953678","contentProvider":{"type":"line"}}}],"destination":"Uffd9695c7cd8c01719422bf9014c8da4"}
{"events":[{"type":"postback","replyToken":"534d91c9b3bf414983cd630d88274342","source":{"userId":"U060ef8294014e8f4c5d790707eb2c772","type":"user"},"timestamp":1559052332895,"postback":{"data":"Yc/U060ef8294014e8f4c5d790707eb2c772/洋裝"}}],"destination":"Uffd9695c7cd8c01719422bf9014c8da4"}
{"events":[{"type":"postback","replyToken":"c5e0a13a343d4d91acab89f6fcb8c8f4","source":{"userId":"U060ef8294014e8f4c5d790707eb2c772","type":"user"},"timestamp":1559052475015,"postback":{"data":"開啟衣櫃"}}],"destination":"Uffd9695c7cd8c01719422bf9014c8da4"}
{"events":[{"type":"message","replyToken":"65c25b16bf034a239d0941202b145685","source":{"userId":"U060ef8294014e8f4c5d790707eb2c772","type":"user"},"timestamp":1559052475013,"message":{"type":"text","id":"9944740629406","text":"開啟衣櫃"}}],"destination":"Uffd9695c7cd8c01719422bf9014c8da4"}
{"events":[{"type":"message","replyToken":"4ccd18144978419db7bc76b79c197308","source":{"userId":"U060ef8294014e8f4c5d790707eb2c772","type":"user"},"timestamp":1559052546391,"message":{"type":"image","id":"9944747261396","contentProvider":{"type":"line"}}}],"destination":"Uffd9695c7cd8c01719422bf9014c8da4"}
{"events":[{"type":"postback","replyToken":"376ca9ec0a3b4121b86e10b4ad8b1683","source":{"userId":"U060ef8294014e8f4c5d790707eb2c772","type":"user"},"timestamp":1559052566181,"postback":{"data":"Yc/U060ef8294014e8f4c5d790707eb2c772/西裝外套"}}],"destination":"Uffd9695c7cd8c01719422bf9014c8da4"}
{"events":[{"type":"message","replyToken":"472b74d2385648f2a665c6bb2aa47f14","source":{"userId":"U060ef8294014e8f4c5d790707eb2c772","type":"user"},"timestamp":1559052604105,"message":{"type":"image","id":"9944752606691","contentProvider":{"type":"line"}}}],"destination":"Uffd9695c7cd8c01719422bf9014c8da4"}
{"events":[{"type":"postback","replyToken":"481ba0eb93cd441189db2d1f2f7fd09f","source":{"userId":"U060ef8294014e8f4c5d790707eb2c772","type":"user"},"timestamp":1559052619178,"postback":{"data":"clo/U060ef8294014e8f4c5d790707eb2c772/洋裝"}}],"destination":"Uffd9695c7cd8c01719422bf9014c8da4"}
{"events":[{"type":"message","replyToken":"09aa412c4be149208ed6f142ad56c54a","source":{"userId":"U060ef8294014e8f4c5d790707eb2c772","type":"user"},"timestamp":1559052619176,"message":{"type":"text","id":"9944754018943","text":"不是洋裝，請換選項"}}],"destination":"Uffd9695c7cd8c01719422bf9014c8da4"}
{"events":[{"type":"postback","replyToken":"3d271c22ffe44f67b8ccd00cf91a8bce","source":{"userId":"U060ef8294014e8f4c5d790707eb2c772","type":"user"},"timestamp":1559052627759,"postback":{"data":"U/U060ef8294014e8f4c5d790707eb2c772/T-shirt"}}],"destination":"Uffd9695c7cd8c01719422bf9014c8da4"}
{"events":[{"type":"message","replyToken":"c62ff0bb545243aca92a68163ff348d0","source":{"userId":"U060ef8294014e8f4c5d790707eb2c772","type":"user"},"timestamp":1559052716009,"message":{"type":"image","id":"9944763000097","contentProvider":{"type":"line"}}}],"destination":"Uffd9695c7cd8c01719422bf9014c8da4"}
{"events":[{"type":"postback","replyToken":"8e3ecb16f1ff46729d81cb71815dc798","source":{"userId":"U060ef8294014e8f4c5d790707eb2c772","type":"user"},"timestamp":1559052730062,"postback":{"data":"Yc/U060ef8294014e8f4c5d790707eb2c772/洋裝"}}],"destination":"Uffd9695c7cd8c01719422bf9014c8da4"}
{"events":[{"type":"postback","replyToken":"91b0924968644498a94e9010347f18db","source":{"userId":"U060ef8294014e8f4c5d790707eb2c772","type":"user"},"timestamp":1559052805266,"postback":{"data":"我的明星臉"}}],"destination":"Uffd9695c7cd8c01719422bf9014c8da4"}
{"events":[{"type":"message","replyToken":"46cc0f415631449bb0ca43587008af48","source":{"userId":"U060ef8294014e8f4c5d790707eb2c772","type":"user"},"timestamp":1559052805264,"message":{"type":"text","id":"9944771213572","text":"我的明星臉"}}],"destination":"Uffd9695c7cd8c01719422bf9014c8da4"}
